<?xml version="1.0" encoding="UTF-8"?>
<testsuite xmlns:xsi="http://www.w3.org/2001/XMLSchema-instance" xsi:noNamespaceSchemaLocation="https://maven.apache.org/surefire/maven-surefire-plugin/xsd/surefire-test-report-3.0.xsd" version="3.0" name="testscenario.ScenarioJunitActivatorTest" time="1.768" tests="2" errors="0" skipped="0" failures="0">
  <properties>
    <property name="sun.desktop" value="windows"/>
    <property name="awt.toolkit" value="sun.awt.windows.WToolkit"/>
    <property name="java.specification.version" value="11"/>
    <property name="sun.cpu.isalist" value="amd64"/>
    <property name="sun.jnu.encoding" value="Cp1253"/>
    <property name="java.class.path" value="C:\Repos\mybusinessapp\target\test-classes;C:\Repos\mybusinessapp\target\classes;C:\Users\cdemertzi\.m2\repository\org\kie\kie-api\7.55.0.Beta1\kie-api-7.55.0.Beta1.jar;C:\Users\cdemertzi\.m2\repository\org\kie\soup\kie-soup-maven-support\7.55.0.Beta1\kie-soup-maven-support-7.55.0.Beta1.jar;C:\Users\cdemertzi\.m2\repository\org\slf4j\slf4j-api\1.7.30\slf4j-api-1.7.30.jar;C:\Users\cdemertzi\.m2\repository\org\kie\kie-internal\7.55.0.Beta1\kie-internal-7.55.0.Beta1.jar;C:\Users\cdemertzi\.m2\repository\org\optaplanner\optaplanner-core\8.6.0.Final\optaplanner-core-8.6.0.Final.jar;C:\Users\cdemertzi\.m2\repository\org\drools\drools-canonical-model\7.53.1.Final\drools-canonical-model-7.53.1.Final.jar;C:\Users\cdemertzi\.m2\repository\org\drools\drools-model-compiler\7.53.1.Final\drools-model-compiler-7.53.1.Final.jar;C:\Users\cdemertzi\.m2\repository\org\drools\drools-core-reflective\7.53.1.Final\drools-core-reflective-7.53.1.Final.jar;C:\Users\cdemertzi\.m2\repository\org\drools\drools-compiler\7.53.1.Final\drools-compiler-7.53.1.Final.jar;C:\Users\cdemertzi\.m2\repository\org\drools\drools-ecj\7.53.1.Final\drools-ecj-7.53.1.Final.jar;C:\Users\cdemertzi\.m2\repository\org\antlr\antlr-runtime\3.5.2\antlr-runtime-3.5.2.jar;C:\Users\cdemertzi\.m2\repository\com\github\javaparser\javaparser-core\3.13.10\javaparser-core-3.13.10.jar;C:\Users\cdemertzi\.m2\repository\org\drools\drools-mvel-parser\7.53.1.Final\drools-mvel-parser-7.53.1.Final.jar;C:\Users\cdemertzi\.m2\repository\org\drools\drools-mvel-compiler\7.53.1.Final\drools-mvel-compiler-7.53.1.Final.jar;C:\Users\cdemertzi\.m2\repository\org\drools\drools-core\7.53.1.Final\drools-core-7.53.1.Final.jar;C:\Users\cdemertzi\.m2\repository\org\kie\soup\kie-soup-xstream\7.53.1.Final\kie-soup-xstream-7.53.1.Final.jar;C:\Users\cdemertzi\.m2\repository\commons-codec\commons-codec\1.15\commons-codec-1.15.jar;C:\Users\cdemertzi\.m2\repository\org\drools\drools-core-dynamic\7.53.1.Final\drools-core-dynamic-7.53.1.Final.jar;C:\Users\cdemertzi\.m2\repository\org\drools\drools-alphanetwork-compiler\7.53.1.Final\drools-alphanetwork-compiler-7.53.1.Final.jar;C:\Users\cdemertzi\.m2\repository\org\drools\drools-mvel\7.53.1.Final\drools-mvel-7.53.1.Final.jar;C:\Users\cdemertzi\.m2\repository\org\kie\soup\kie-soup-project-datamodel-commons\7.53.1.Final\kie-soup-project-datamodel-commons-7.53.1.Final.jar;C:\Users\cdemertzi\.m2\repository\org\apache\commons\commons-lang3\3.11\commons-lang3-3.11.jar;C:\Users\cdemertzi\.m2\repository\org\apache\commons\commons-math3\3.4.1\commons-math3-3.4.1.jar;C:\Users\cdemertzi\.m2\repository\jakarta\xml\bind\jakarta.xml.bind-api\2.3.3\jakarta.xml.bind-api-2.3.3.jar;C:\Users\cdemertzi\.m2\repository\jakarta\activation\jakarta.activation-api\1.2.2\jakarta.activation-api-1.2.2.jar;C:\Users\cdemertzi\.m2\repository\org\glassfish\jaxb\jaxb-runtime\2.3.3\jaxb-runtime-2.3.3.jar;C:\Users\cdemertzi\.m2\repository\org\glassfish\jaxb\txw2\2.3.3\txw2-2.3.3.jar;C:\Users\cdemertzi\.m2\repository\com\sun\istack\istack-commons-runtime\3.0.11\istack-commons-runtime-3.0.11.jar;C:\Users\cdemertzi\.m2\repository\com\sun\activation\jakarta.activation\1.2.2\jakarta.activation-1.2.2.jar;C:\Users\cdemertzi\.m2\repository\org\optaplanner\optaplanner-persistence-jaxb\8.6.0.Final\optaplanner-persistence-jaxb-8.6.0.Final.jar;C:\Users\cdemertzi\.m2\repository\org\optaplanner\optaplanner-persistence-common\8.6.0.Final\optaplanner-persistence-common-8.6.0.Final.jar;C:\Users\cdemertzi\.m2\repository\junit\junit\4.13.2\junit-4.13.2.jar;C:\Users\cdemertzi\.m2\repository\org\hamcrest\hamcrest-core\2.2\hamcrest-core-2.2.jar;C:\Users\cdemertzi\.m2\repository\org\hamcrest\hamcrest\2.2\hamcrest-2.2.jar;C:\Users\cdemertzi\.m2\repository\com\thoughtworks\xstream\xstream\1.4.17\xstream-1.4.17.jar;C:\Users\cdemertzi\.m2\repository\io\github\x-stream\mxparser\1.2.1\mxparser-1.2.1.jar;C:\Users\cdemertzi\.m2\repository\org\camunda\bpm\model\camunda-dmn-model\7.16.0-alpha1\camunda-dmn-model-7.16.0-alpha1.jar;C:\Users\cdemertzi\.m2\repository\org\camunda\bpm\model\camunda-xml-model\7.16.0-alpha1\camunda-xml-model-7.16.0-alpha1.jar;C:\Users\cdemertzi\.m2\repository\org\camunda\bpm\springboot\camunda-bpm-spring-boot-starter-rest\7.16.0-alpha1\camunda-bpm-spring-boot-starter-rest-7.16.0-alpha1.jar;C:\Users\cdemertzi\.m2\repository\org\camunda\bpm\springboot\camunda-bpm-spring-boot-starter\7.16.0-alpha1\camunda-bpm-spring-boot-starter-7.16.0-alpha1.jar;C:\Users\cdemertzi\.m2\repository\org\camunda\bpm\camunda-engine-spring\7.16.0-alpha1\camunda-engine-spring-7.16.0-alpha1.jar;C:\Users\cdemertzi\.m2\repository\org\camunda\bpm\camunda-engine\7.16.0-alpha1\camunda-engine-7.16.0-alpha1.jar;C:\Users\cdemertzi\.m2\repository\org\camunda\bpm\model\camunda-bpmn-model\7.16.0-alpha1\camunda-bpmn-model-7.16.0-alpha1.jar;C:\Users\cdemertzi\.m2\repository\org\camunda\bpm\model\camunda-cmmn-model\7.16.0-alpha1\camunda-cmmn-model-7.16.0-alpha1.jar;C:\Users\cdemertzi\.m2\repository\org\camunda\bpm\dmn\camunda-engine-dmn\7.16.0-alpha1\camunda-engine-dmn-7.16.0-alpha1.jar;C:\Users\cdemertzi\.m2\repository\org\camunda\commons\camunda-commons-utils\1.10.0\camunda-commons-utils-1.10.0.jar;C:\Users\cdemertzi\.m2\repository\org\camunda\bpm\dmn\camunda-engine-feel-api\7.16.0-alpha1\camunda-engine-feel-api-7.16.0-alpha1.jar;C:\Users\cdemertzi\.m2\repository\org\camunda\bpm\dmn\camunda-engine-feel-juel\7.16.0-alpha1\camunda-engine-feel-juel-7.16.0-alpha1.jar;C:\Users\cdemertzi\.m2\repository\org\camunda\bpm\dmn\camunda-engine-feel-scala\7.16.0-alpha1\camunda-engine-feel-scala-7.16.0-alpha1.jar;C:\Users\cdemertzi\.m2\repository\org\camunda\feel\feel-engine\1.13.1\feel-engine-1.13.1-scala-shaded.jar;C:\Users\cdemertzi\.m2\repository\org\camunda\commons\camunda-commons-logging\1.10.0\camunda-commons-logging-1.10.0.jar;C:\Users\cdemertzi\.m2\repository\org\camunda\commons\camunda-commons-typed-values\7.16.0-alpha1\camunda-commons-typed-values-7.16.0-alpha1.jar;C:\Users\cdemertzi\.m2\repository\org\mybatis\mybatis\3.5.6\mybatis-3.5.6.jar;C:\Users\cdemertzi\.m2\repository\joda-time\joda-time\2.1\joda-time-2.1.jar;C:\Users\cdemertzi\.m2\repository\org\camunda\connect\camunda-connect-core\1.5.2\camunda-connect-core-1.5.2.jar;C:\Users\cdemertzi\.m2\repository\org\camunda\connect\camunda-connect-connectors-all\1.5.2\camunda-connect-connectors-all-1.5.2.jar;C:\Users\cdemertzi\.m2\repository\commons-dbcp\commons-dbcp\1.4\commons-dbcp-1.4.jar;C:\Users\cdemertzi\.m2\repository\commons-pool\commons-pool\1.6\commons-pool-1.6.jar;C:\Users\cdemertzi\.m2\repository\org\springframework\spring-context\5.3.5\spring-context-5.3.5.jar;C:\Users\cdemertzi\.m2\repository\org\springframework\spring-aop\5.3.5\spring-aop-5.3.5.jar;C:\Users\cdemertzi\.m2\repository\org\springframework\spring-beans\5.3.5\spring-beans-5.3.5.jar;C:\Users\cdemertzi\.m2\repository\org\springframework\spring-core\5.3.5\spring-core-5.3.5.jar;C:\Users\cdemertzi\.m2\repository\org\springframework\spring-jcl\5.3.5\spring-jcl-5.3.5.jar;C:\Users\cdemertzi\.m2\repository\org\springframework\spring-expression\5.3.5\spring-expression-5.3.5.jar;C:\Users\cdemertzi\.m2\repository\org\springframework\spring-jdbc\5.3.5\spring-jdbc-5.3.5.jar;C:\Users\cdemertzi\.m2\repository\org\springframework\spring-tx\5.3.5\spring-tx-5.3.5.jar;C:\Users\cdemertzi\.m2\repository\org\springframework\spring-orm\5.3.5\spring-orm-5.3.5.jar;C:\Users\cdemertzi\.m2\repository\org\springframework\boot\spring-boot-loader-tools\2.4.4\spring-boot-loader-tools-2.4.4.jar;C:\Users\cdemertzi\.m2\repository\org\apache\commons\commons-compress\1.20\commons-compress-1.20.jar;C:\Users\cdemertzi\.m2\repository\org\springframework\boot\spring-boot-autoconfigure\2.4.4\spring-boot-autoconfigure-2.4.4.jar;C:\Users\cdemertzi\.m2\repository\org\springframework\boot\spring-boot\2.4.4\spring-boot-2.4.4.jar;C:\Users\cdemertzi\.m2\repository\org\springframework\boot\spring-boot-starter\2.4.4\spring-boot-starter-2.4.4.jar;C:\Users\cdemertzi\.m2\repository\org\springframework\boot\spring-boot-starter-logging\2.4.4\spring-boot-starter-logging-2.4.4.jar;C:\Users\cdemertzi\.m2\repository\ch\qos\logback\logback-classic\1.2.3\logback-classic-1.2.3.jar;C:\Users\cdemertzi\.m2\repository\ch\qos\logback\logback-core\1.2.3\logback-core-1.2.3.jar;C:\Users\cdemertzi\.m2\repository\org\apache\logging\log4j\log4j-to-slf4j\2.13.3\log4j-to-slf4j-2.13.3.jar;C:\Users\cdemertzi\.m2\repository\org\apache\logging\log4j\log4j-api\2.13.3\log4j-api-2.13.3.jar;C:\Users\cdemertzi\.m2\repository\org\slf4j\jul-to-slf4j\1.7.30\jul-to-slf4j-1.7.30.jar;C:\Users\cdemertzi\.m2\repository\jakarta\annotation\jakarta.annotation-api\1.3.5\jakarta.annotation-api-1.3.5.jar;C:\Users\cdemertzi\.m2\repository\org\yaml\snakeyaml\1.27\snakeyaml-1.27.jar;C:\Users\cdemertzi\.m2\repository\com\fasterxml\uuid\java-uuid-generator\3.2.0\java-uuid-generator-3.2.0.jar;C:\Users\cdemertzi\.m2\repository\org\camunda\bpm\camunda-engine-rest-jaxrs2\7.16.0-alpha1\camunda-engine-rest-jaxrs2-7.16.0-alpha1.jar;C:\Users\cdemertzi\.m2\repository\commons-fileupload\commons-fileupload\1.4\commons-fileupload-1.4.jar;C:\Users\cdemertzi\.m2\repository\commons-io\commons-io\2.8.0\commons-io-2.8.0.jar;C:\Users\cdemertzi\.m2\repository\com\fasterxml\jackson\jaxrs\jackson-jaxrs-json-provider\2.11.4\jackson-jaxrs-json-provider-2.11.4.jar;C:\Users\cdemertzi\.m2\repository\com\fasterxml\jackson\jaxrs\jackson-jaxrs-base\2.11.4\jackson-jaxrs-base-2.11.4.jar;C:\Users\cdemertzi\.m2\repository\com\fasterxml\jackson\module\jackson-module-jaxb-annotations\2.11.4\jackson-module-jaxb-annotations-2.11.4.jar;C:\Users\cdemertzi\.m2\repository\com\fasterxml\jackson\core\jackson-annotations\2.11.4\jackson-annotations-2.11.4.jar;C:\Users\cdemertzi\.m2\repository\com\fasterxml\jackson\core\jackson-core\2.11.4\jackson-core-2.11.4.jar;C:\Users\cdemertzi\.m2\repository\org\springframework\boot\spring-boot-starter-jersey\2.4.4\spring-boot-starter-jersey-2.4.4.jar;C:\Users\cdemertzi\.m2\repository\org\springframework\boot\spring-boot-starter-json\2.4.4\spring-boot-starter-json-2.4.4.jar;C:\Users\cdemertzi\.m2\repository\com\fasterxml\jackson\datatype\jackson-datatype-jdk8\2.11.4\jackson-datatype-jdk8-2.11.4.jar;C:\Users\cdemertzi\.m2\repository\com\fasterxml\jackson\datatype\jackson-datatype-jsr310\2.11.4\jackson-datatype-jsr310-2.11.4.jar;C:\Users\cdemertzi\.m2\repository\com\fasterxml\jackson\module\jackson-module-parameter-names\2.11.4\jackson-module-parameter-names-2.11.4.jar;C:\Users\cdemertzi\.m2\repository\org\springframework\boot\spring-boot-starter-tomcat\2.4.4\spring-boot-starter-tomcat-2.4.4.jar;C:\Users\cdemertzi\.m2\repository\org\apache\tomcat\embed\tomcat-embed-core\9.0.44\tomcat-embed-core-9.0.44.jar;C:\Users\cdemertzi\.m2\repository\org\glassfish\jakarta.el\3.0.3\jakarta.el-3.0.3.jar;C:\Users\cdemertzi\.m2\repository\org\apache\tomcat\embed\tomcat-embed-websocket\9.0.44\tomcat-embed-websocket-9.0.44.jar;C:\Users\cdemertzi\.m2\repository\org\springframework\boot\spring-boot-starter-validation\2.4.4\spring-boot-starter-validation-2.4.4.jar;C:\Users\cdemertzi\.m2\repository\org\hibernate\validator\hibernate-validator\6.1.7.Final\hibernate-validator-6.1.7.Final.jar;C:\Users\cdemertzi\.m2\repository\org\jboss\logging\jboss-logging\3.4.1.Final\jboss-logging-3.4.1.Final.jar;C:\Users\cdemertzi\.m2\repository\com\fasterxml\classmate\1.5.1\classmate-1.5.1.jar;C:\Users\cdemertzi\.m2\repository\org\springframework\spring-web\5.3.5\spring-web-5.3.5.jar;C:\Users\cdemertzi\.m2\repository\org\glassfish\jersey\core\jersey-server\2.32\jersey-server-2.32.jar;C:\Users\cdemertzi\.m2\repository\org\glassfish\jersey\core\jersey-common\2.32\jersey-common-2.32.jar;C:\Users\cdemertzi\.m2\repository\org\glassfish\hk2\osgi-resource-locator\1.0.3\osgi-resource-locator-1.0.3.jar;C:\Users\cdemertzi\.m2\repository\org\glassfish\jersey\core\jersey-client\2.32\jersey-client-2.32.jar;C:\Users\cdemertzi\.m2\repository\jakarta\ws\rs\jakarta.ws.rs-api\2.1.6\jakarta.ws.rs-api-2.1.6.jar;C:\Users\cdemertzi\.m2\repository\org\glassfish\jersey\media\jersey-media-jaxb\2.32\jersey-media-jaxb-2.32.jar;C:\Users\cdemertzi\.m2\repository\org\glassfish\hk2\external\jakarta.inject\2.6.1\jakarta.inject-2.6.1.jar;C:\Users\cdemertzi\.m2\repository\jakarta\validation\jakarta.validation-api\2.0.2\jakarta.validation-api-2.0.2.jar;C:\Users\cdemertzi\.m2\repository\org\glassfish\jersey\containers\jersey-container-servlet-core\2.32\jersey-container-servlet-core-2.32.jar;C:\Users\cdemertzi\.m2\repository\org\glassfish\jersey\containers\jersey-container-servlet\2.32\jersey-container-servlet-2.32.jar;C:\Users\cdemertzi\.m2\repository\org\glassfish\jersey\ext\jersey-bean-validation\2.32\jersey-bean-validation-2.32.jar;C:\Users\cdemertzi\.m2\repository\org\glassfish\jersey\ext\jersey-spring5\2.32\jersey-spring5-2.32.jar;C:\Users\cdemertzi\.m2\repository\org\glassfish\jersey\inject\jersey-hk2\2.32\jersey-hk2-2.32.jar;C:\Users\cdemertzi\.m2\repository\org\glassfish\hk2\hk2-locator\2.6.1\hk2-locator-2.6.1.jar;C:\Users\cdemertzi\.m2\repository\org\glassfish\hk2\external\aopalliance-repackaged\2.6.1\aopalliance-repackaged-2.6.1.jar;C:\Users\cdemertzi\.m2\repository\org\javassist\javassist\3.25.0-GA\javassist-3.25.0-GA.jar;C:\Users\cdemertzi\.m2\repository\org\glassfish\hk2\hk2\2.6.1\hk2-2.6.1.jar;C:\Users\cdemertzi\.m2\repository\org\glassfish\hk2\hk2-utils\2.6.1\hk2-utils-2.6.1.jar;C:\Users\cdemertzi\.m2\repository\org\glassfish\hk2\hk2-api\2.6.1\hk2-api-2.6.1.jar;C:\Users\cdemertzi\.m2\repository\org\glassfish\hk2\hk2-core\2.6.1\hk2-core-2.6.1.jar;C:\Users\cdemertzi\.m2\repository\org\glassfish\hk2\hk2-runlevel\2.6.1\hk2-runlevel-2.6.1.jar;C:\Users\cdemertzi\.m2\repository\org\glassfish\hk2\class-model\2.6.1\class-model-2.6.1.jar;C:\Users\cdemertzi\.m2\repository\org\ow2\asm\asm\7.1\asm-7.1.jar;C:\Users\cdemertzi\.m2\repository\org\ow2\asm\asm-analysis\7.1\asm-analysis-7.1.jar;C:\Users\cdemertzi\.m2\repository\org\ow2\asm\asm-commons\7.1\asm-commons-7.1.jar;C:\Users\cdemertzi\.m2\repository\org\ow2\asm\asm-tree\7.1\asm-tree-7.1.jar;C:\Users\cdemertzi\.m2\repository\org\ow2\asm\asm-util\7.1\asm-util-7.1.jar;C:\Users\cdemertzi\.m2\repository\org\glassfish\hk2\spring-bridge\2.6.1\spring-bridge-2.6.1.jar;C:\Users\cdemertzi\.m2\repository\org\glassfish\jersey\media\jersey-media-json-jackson\2.32\jersey-media-json-jackson-2.32.jar;C:\Users\cdemertzi\.m2\repository\org\glassfish\jersey\ext\jersey-entity-filtering\2.32\jersey-entity-filtering-2.32.jar;C:\Users\cdemertzi\.m2\repository\org\camunda\bpm\springboot\camunda-bpm-spring-boot-starter-webapp\7.16.0-alpha1\camunda-bpm-spring-boot-starter-webapp-7.16.0-alpha1.jar;C:\Users\cdemertzi\.m2\repository\org\camunda\bpm\springboot\camunda-bpm-spring-boot-starter-webapp-core\7.16.0-alpha1\camunda-bpm-spring-boot-starter-webapp-core-7.16.0-alpha1.jar;C:\Users\cdemertzi\.m2\repository\org\camunda\bpm\webapp\camunda-webapp\7.16.0-alpha1\camunda-webapp-7.16.0-alpha1-classes.jar;C:\Users\cdemertzi\.m2\repository\org\springframework\boot\spring-boot-starter-web\2.4.4\spring-boot-starter-web-2.4.4.jar;C:\Users\cdemertzi\.m2\repository\org\springframework\spring-webmvc\5.3.5\spring-webmvc-5.3.5.jar;C:\Users\cdemertzi\.m2\repository\org\camunda\bpm\webapp\camunda-webapp-webjar\7.16.0-alpha1\camunda-webapp-webjar-7.16.0-alpha1.jar;C:\Users\cdemertzi\.m2\repository\org\slf4j\slf4j-nop\2.0.0-alpha1\slf4j-nop-2.0.0-alpha1.jar;C:\Users\cdemertzi\.m2\repository\org\junit\jupiter\junit-jupiter-api\5.8.0-M1\junit-jupiter-api-5.8.0-M1.jar;C:\Users\cdemertzi\.m2\repository\org\apiguardian\apiguardian-api\1.1.1\apiguardian-api-1.1.1.jar;C:\Users\cdemertzi\.m2\repository\org\opentest4j\opentest4j\1.2.0\opentest4j-1.2.0.jar;C:\Users\cdemertzi\.m2\repository\org\junit\platform\junit-platform-commons\1.7.1\junit-platform-commons-1.7.1.jar;C:\Users\cdemertzi\.m2\repository\de\odysseus\juel\juel-api\2.2.7\juel-api-2.2.7.jar;C:\Users\cdemertzi\.m2\repository\de\odysseus\juel\juel-impl\2.2.7\juel-impl-2.2.7.jar;C:\Users\cdemertzi\.m2\repository\de\odysseus\juel\juel-spi\2.2.7\juel-spi-2.2.7.jar;C:\Users\cdemertzi\.m2\repository\org\assertj\assertj-core\3.18.1\assertj-core-3.18.1.jar;C:\Users\cdemertzi\.m2\repository\org\drools\drools-scenario-simulation-api\7.55.0.Beta1\drools-scenario-simulation-api-7.55.0.Beta1.jar;C:\Users\cdemertzi\.m2\repository\org\kie\soup\kie-soup-project-datamodel-api\7.55.0.Beta1\kie-soup-project-datamodel-api-7.55.0.Beta1.jar;C:\Users\cdemertzi\.m2\repository\org\drools\drools-scenario-simulation-backend\7.55.0.Beta1\drools-scenario-simulation-backend-7.55.0.Beta1.jar;C:\Users\cdemertzi\.m2\repository\com\fasterxml\jackson\core\jackson-databind\2.11.4\jackson-databind-2.11.4.jar;C:\Users\cdemertzi\.m2\repository\org\kie\soup\kie-soup-commons\7.55.0.Beta1\kie-soup-commons-7.55.0.Beta1.jar;C:\Users\cdemertzi\.m2\repository\org\mvel\mvel2\2.4.12.Final\mvel2-2.4.12.Final.jar;C:\Users\cdemertzi\.m2\repository\org\kie\kie-dmn-feel\7.55.0.Beta1\kie-dmn-feel-7.55.0.Beta1.jar;C:\Users\cdemertzi\.m2\repository\org\kie\kie-dmn-model\7.55.0.Beta1\kie-dmn-model-7.55.0.Beta1.jar;C:\Users\cdemertzi\.m2\repository\org\antlr\antlr4-runtime\4.8\antlr4-runtime-4.8.jar;C:\Users\cdemertzi\.m2\repository\ch\obermuhlner\big-math\2.0.1\big-math-2.0.1.jar;C:\Users\cdemertzi\.m2\repository\org\kie\kie-dmn-api\7.55.0.Beta1\kie-dmn-api-7.55.0.Beta1.jar;C:\Users\cdemertzi\.m2\repository\org\kie\kie-dmn-core\7.55.0.Beta1\kie-dmn-core-7.55.0.Beta1.jar;C:\Users\cdemertzi\.m2\repository\org\kie\kie-dmn-backend\7.55.0.Beta1\kie-dmn-backend-7.55.0.Beta1.jar;C:\Users\cdemertzi\.m2\repository\org\kie\kie-memory-compiler\7.55.0.Beta1\kie-memory-compiler-7.55.0.Beta1.jar;C:\Users\cdemertzi\.m2\repository\org\drools\drools-ruleunit\7.55.0.Beta1\drools-ruleunit-7.55.0.Beta1.jar;C:\Users\cdemertzi\.m2\repository\org\jpmml\pmml-model\1.5.1\pmml-model-1.5.1.jar;C:\Users\cdemertzi\.m2\repository\org\jpmml\pmml-agent\1.5.1\pmml-agent-1.5.1.jar;"/>
    <property name="java.vm.vendor" value="Oracle Corporation"/>
    <property name="sun.arch.data.model" value="64"/>
    <property name="user.variant" value=""/>
    <property name="java.vendor.url" value="http://java.oracle.com/"/>
    <property name="user.timezone" value="Europe/Athens"/>
    <property name="user.country.format" value="GR"/>
    <property name="java.vm.specification.version" value="11"/>
    <property name="os.name" value="Windows 10"/>
    <property name="sun.java.launcher" value="SUN_STANDARD"/>
    <property name="user.country" value="US"/>
    <property name="sun.boot.library.path" value="C:\Program Files\Java\jdk-11\bin"/>
    <property name="sun.java.command" value="C:\Users\cdemertzi\AppData\Local\Temp\surefire1999519571082559950\surefirebooter5419407127998299858.jar C:\Users\cdemertzi\AppData\Local\Temp\surefire1999519571082559950 2021-06-03T16-29-28_011-jvmRun1 surefire12446250752735090983tmp surefire_011079033624701746785tmp"/>
    <property name="jdk.debug" value="release"/>
    <property name="surefire.test.class.path" value="C:\Repos\mybusinessapp\target\test-classes;C:\Repos\mybusinessapp\target\classes;C:\Users\cdemertzi\.m2\repository\org\kie\kie-api\7.55.0.Beta1\kie-api-7.55.0.Beta1.jar;C:\Users\cdemertzi\.m2\repository\org\kie\soup\kie-soup-maven-support\7.55.0.Beta1\kie-soup-maven-support-7.55.0.Beta1.jar;C:\Users\cdemertzi\.m2\repository\org\slf4j\slf4j-api\1.7.30\slf4j-api-1.7.30.jar;C:\Users\cdemertzi\.m2\repository\org\kie\kie-internal\7.55.0.Beta1\kie-internal-7.55.0.Beta1.jar;C:\Users\cdemertzi\.m2\repository\org\optaplanner\optaplanner-core\8.6.0.Final\optaplanner-core-8.6.0.Final.jar;C:\Users\cdemertzi\.m2\repository\org\drools\drools-canonical-model\7.53.1.Final\drools-canonical-model-7.53.1.Final.jar;C:\Users\cdemertzi\.m2\repository\org\drools\drools-model-compiler\7.53.1.Final\drools-model-compiler-7.53.1.Final.jar;C:\Users\cdemertzi\.m2\repository\org\drools\drools-core-reflective\7.53.1.Final\drools-core-reflective-7.53.1.Final.jar;C:\Users\cdemertzi\.m2\repository\org\drools\drools-compiler\7.53.1.Final\drools-compiler-7.53.1.Final.jar;C:\Users\cdemertzi\.m2\repository\org\drools\drools-ecj\7.53.1.Final\drools-ecj-7.53.1.Final.jar;C:\Users\cdemertzi\.m2\repository\org\antlr\antlr-runtime\3.5.2\antlr-runtime-3.5.2.jar;C:\Users\cdemertzi\.m2\repository\com\github\javaparser\javaparser-core\3.13.10\javaparser-core-3.13.10.jar;C:\Users\cdemertzi\.m2\repository\org\drools\drools-mvel-parser\7.53.1.Final\drools-mvel-parser-7.53.1.Final.jar;C:\Users\cdemertzi\.m2\repository\org\drools\drools-mvel-compiler\7.53.1.Final\drools-mvel-compiler-7.53.1.Final.jar;C:\Users\cdemertzi\.m2\repository\org\drools\drools-core\7.53.1.Final\drools-core-7.53.1.Final.jar;C:\Users\cdemertzi\.m2\repository\org\kie\soup\kie-soup-xstream\7.53.1.Final\kie-soup-xstream-7.53.1.Final.jar;C:\Users\cdemertzi\.m2\repository\commons-codec\commons-codec\1.15\commons-codec-1.15.jar;C:\Users\cdemertzi\.m2\repository\org\drools\drools-core-dynamic\7.53.1.Final\drools-core-dynamic-7.53.1.Final.jar;C:\Users\cdemertzi\.m2\repository\org\drools\drools-alphanetwork-compiler\7.53.1.Final\drools-alphanetwork-compiler-7.53.1.Final.jar;C:\Users\cdemertzi\.m2\repository\org\drools\drools-mvel\7.53.1.Final\drools-mvel-7.53.1.Final.jar;C:\Users\cdemertzi\.m2\repository\org\kie\soup\kie-soup-project-datamodel-commons\7.53.1.Final\kie-soup-project-datamodel-commons-7.53.1.Final.jar;C:\Users\cdemertzi\.m2\repository\org\apache\commons\commons-lang3\3.11\commons-lang3-3.11.jar;C:\Users\cdemertzi\.m2\repository\org\apache\commons\commons-math3\3.4.1\commons-math3-3.4.1.jar;C:\Users\cdemertzi\.m2\repository\jakarta\xml\bind\jakarta.xml.bind-api\2.3.3\jakarta.xml.bind-api-2.3.3.jar;C:\Users\cdemertzi\.m2\repository\jakarta\activation\jakarta.activation-api\1.2.2\jakarta.activation-api-1.2.2.jar;C:\Users\cdemertzi\.m2\repository\org\glassfish\jaxb\jaxb-runtime\2.3.3\jaxb-runtime-2.3.3.jar;C:\Users\cdemertzi\.m2\repository\org\glassfish\jaxb\txw2\2.3.3\txw2-2.3.3.jar;C:\Users\cdemertzi\.m2\repository\com\sun\istack\istack-commons-runtime\3.0.11\istack-commons-runtime-3.0.11.jar;C:\Users\cdemertzi\.m2\repository\com\sun\activation\jakarta.activation\1.2.2\jakarta.activation-1.2.2.jar;C:\Users\cdemertzi\.m2\repository\org\optaplanner\optaplanner-persistence-jaxb\8.6.0.Final\optaplanner-persistence-jaxb-8.6.0.Final.jar;C:\Users\cdemertzi\.m2\repository\org\optaplanner\optaplanner-persistence-common\8.6.0.Final\optaplanner-persistence-common-8.6.0.Final.jar;C:\Users\cdemertzi\.m2\repository\junit\junit\4.13.2\junit-4.13.2.jar;C:\Users\cdemertzi\.m2\repository\org\hamcrest\hamcrest-core\2.2\hamcrest-core-2.2.jar;C:\Users\cdemertzi\.m2\repository\org\hamcrest\hamcrest\2.2\hamcrest-2.2.jar;C:\Users\cdemertzi\.m2\repository\com\thoughtworks\xstream\xstream\1.4.17\xstream-1.4.17.jar;C:\Users\cdemertzi\.m2\repository\io\github\x-stream\mxparser\1.2.1\mxparser-1.2.1.jar;C:\Users\cdemertzi\.m2\repository\org\camunda\bpm\model\camunda-dmn-model\7.16.0-alpha1\camunda-dmn-model-7.16.0-alpha1.jar;C:\Users\cdemertzi\.m2\repository\org\camunda\bpm\model\camunda-xml-model\7.16.0-alpha1\camunda-xml-model-7.16.0-alpha1.jar;C:\Users\cdemertzi\.m2\repository\org\camunda\bpm\springboot\camunda-bpm-spring-boot-starter-rest\7.16.0-alpha1\camunda-bpm-spring-boot-starter-rest-7.16.0-alpha1.jar;C:\Users\cdemertzi\.m2\repository\org\camunda\bpm\springboot\camunda-bpm-spring-boot-starter\7.16.0-alpha1\camunda-bpm-spring-boot-starter-7.16.0-alpha1.jar;C:\Users\cdemertzi\.m2\repository\org\camunda\bpm\camunda-engine-spring\7.16.0-alpha1\camunda-engine-spring-7.16.0-alpha1.jar;C:\Users\cdemertzi\.m2\repository\org\camunda\bpm\camunda-engine\7.16.0-alpha1\camunda-engine-7.16.0-alpha1.jar;C:\Users\cdemertzi\.m2\repository\org\camunda\bpm\model\camunda-bpmn-model\7.16.0-alpha1\camunda-bpmn-model-7.16.0-alpha1.jar;C:\Users\cdemertzi\.m2\repository\org\camunda\bpm\model\camunda-cmmn-model\7.16.0-alpha1\camunda-cmmn-model-7.16.0-alpha1.jar;C:\Users\cdemertzi\.m2\repository\org\camunda\bpm\dmn\camunda-engine-dmn\7.16.0-alpha1\camunda-engine-dmn-7.16.0-alpha1.jar;C:\Users\cdemertzi\.m2\repository\org\camunda\commons\camunda-commons-utils\1.10.0\camunda-commons-utils-1.10.0.jar;C:\Users\cdemertzi\.m2\repository\org\camunda\bpm\dmn\camunda-engine-feel-api\7.16.0-alpha1\camunda-engine-feel-api-7.16.0-alpha1.jar;C:\Users\cdemertzi\.m2\repository\org\camunda\bpm\dmn\camunda-engine-feel-juel\7.16.0-alpha1\camunda-engine-feel-juel-7.16.0-alpha1.jar;C:\Users\cdemertzi\.m2\repository\org\camunda\bpm\dmn\camunda-engine-feel-scala\7.16.0-alpha1\camunda-engine-feel-scala-7.16.0-alpha1.jar;C:\Users\cdemertzi\.m2\repository\org\camunda\feel\feel-engine\1.13.1\feel-engine-1.13.1-scala-shaded.jar;C:\Users\cdemertzi\.m2\repository\org\camunda\commons\camunda-commons-logging\1.10.0\camunda-commons-logging-1.10.0.jar;C:\Users\cdemertzi\.m2\repository\org\camunda\commons\camunda-commons-typed-values\7.16.0-alpha1\camunda-commons-typed-values-7.16.0-alpha1.jar;C:\Users\cdemertzi\.m2\repository\org\mybatis\mybatis\3.5.6\mybatis-3.5.6.jar;C:\Users\cdemertzi\.m2\repository\joda-time\joda-time\2.1\joda-time-2.1.jar;C:\Users\cdemertzi\.m2\repository\org\camunda\connect\camunda-connect-core\1.5.2\camunda-connect-core-1.5.2.jar;C:\Users\cdemertzi\.m2\repository\org\camunda\connect\camunda-connect-connectors-all\1.5.2\camunda-connect-connectors-all-1.5.2.jar;C:\Users\cdemertzi\.m2\repository\commons-dbcp\commons-dbcp\1.4\commons-dbcp-1.4.jar;C:\Users\cdemertzi\.m2\repository\commons-pool\commons-pool\1.6\commons-pool-1.6.jar;C:\Users\cdemertzi\.m2\repository\org\springframework\spring-context\5.3.5\spring-context-5.3.5.jar;C:\Users\cdemertzi\.m2\repository\org\springframework\spring-aop\5.3.5\spring-aop-5.3.5.jar;C:\Users\cdemertzi\.m2\repository\org\springframework\spring-beans\5.3.5\spring-beans-5.3.5.jar;C:\Users\cdemertzi\.m2\repository\org\springframework\spring-core\5.3.5\spring-core-5.3.5.jar;C:\Users\cdemertzi\.m2\repository\org\springframework\spring-jcl\5.3.5\spring-jcl-5.3.5.jar;C:\Users\cdemertzi\.m2\repository\org\springframework\spring-expression\5.3.5\spring-expression-5.3.5.jar;C:\Users\cdemertzi\.m2\repository\org\springframework\spring-jdbc\5.3.5\spring-jdbc-5.3.5.jar;C:\Users\cdemertzi\.m2\repository\org\springframework\spring-tx\5.3.5\spring-tx-5.3.5.jar;C:\Users\cdemertzi\.m2\repository\org\springframework\spring-orm\5.3.5\spring-orm-5.3.5.jar;C:\Users\cdemertzi\.m2\repository\org\springframework\boot\spring-boot-loader-tools\2.4.4\spring-boot-loader-tools-2.4.4.jar;C:\Users\cdemertzi\.m2\repository\org\apache\commons\commons-compress\1.20\commons-compress-1.20.jar;C:\Users\cdemertzi\.m2\repository\org\springframework\boot\spring-boot-autoconfigure\2.4.4\spring-boot-autoconfigure-2.4.4.jar;C:\Users\cdemertzi\.m2\repository\org\springframework\boot\spring-boot\2.4.4\spring-boot-2.4.4.jar;C:\Users\cdemertzi\.m2\repository\org\springframework\boot\spring-boot-starter\2.4.4\spring-boot-starter-2.4.4.jar;C:\Users\cdemertzi\.m2\repository\org\springframework\boot\spring-boot-starter-logging\2.4.4\spring-boot-starter-logging-2.4.4.jar;C:\Users\cdemertzi\.m2\repository\ch\qos\logback\logback-classic\1.2.3\logback-classic-1.2.3.jar;C:\Users\cdemertzi\.m2\repository\ch\qos\logback\logback-core\1.2.3\logback-core-1.2.3.jar;C:\Users\cdemertzi\.m2\repository\org\apache\logging\log4j\log4j-to-slf4j\2.13.3\log4j-to-slf4j-2.13.3.jar;C:\Users\cdemertzi\.m2\repository\org\apache\logging\log4j\log4j-api\2.13.3\log4j-api-2.13.3.jar;C:\Users\cdemertzi\.m2\repository\org\slf4j\jul-to-slf4j\1.7.30\jul-to-slf4j-1.7.30.jar;C:\Users\cdemertzi\.m2\repository\jakarta\annotation\jakarta.annotation-api\1.3.5\jakarta.annotation-api-1.3.5.jar;C:\Users\cdemertzi\.m2\repository\org\yaml\snakeyaml\1.27\snakeyaml-1.27.jar;C:\Users\cdemertzi\.m2\repository\com\fasterxml\uuid\java-uuid-generator\3.2.0\java-uuid-generator-3.2.0.jar;C:\Users\cdemertzi\.m2\repository\org\camunda\bpm\camunda-engine-rest-jaxrs2\7.16.0-alpha1\camunda-engine-rest-jaxrs2-7.16.0-alpha1.jar;C:\Users\cdemertzi\.m2\repository\commons-fileupload\commons-fileupload\1.4\commons-fileupload-1.4.jar;C:\Users\cdemertzi\.m2\repository\commons-io\commons-io\2.8.0\commons-io-2.8.0.jar;C:\Users\cdemertzi\.m2\repository\com\fasterxml\jackson\jaxrs\jackson-jaxrs-json-provider\2.11.4\jackson-jaxrs-json-provider-2.11.4.jar;C:\Users\cdemertzi\.m2\repository\com\fasterxml\jackson\jaxrs\jackson-jaxrs-base\2.11.4\jackson-jaxrs-base-2.11.4.jar;C:\Users\cdemertzi\.m2\repository\com\fasterxml\jackson\module\jackson-module-jaxb-annotations\2.11.4\jackson-module-jaxb-annotations-2.11.4.jar;C:\Users\cdemertzi\.m2\repository\com\fasterxml\jackson\core\jackson-annotations\2.11.4\jackson-annotations-2.11.4.jar;C:\Users\cdemertzi\.m2\repository\com\fasterxml\jackson\core\jackson-core\2.11.4\jackson-core-2.11.4.jar;C:\Users\cdemertzi\.m2\repository\org\springframework\boot\spring-boot-starter-jersey\2.4.4\spring-boot-starter-jersey-2.4.4.jar;C:\Users\cdemertzi\.m2\repository\org\springframework\boot\spring-boot-starter-json\2.4.4\spring-boot-starter-json-2.4.4.jar;C:\Users\cdemertzi\.m2\repository\com\fasterxml\jackson\datatype\jackson-datatype-jdk8\2.11.4\jackson-datatype-jdk8-2.11.4.jar;C:\Users\cdemertzi\.m2\repository\com\fasterxml\jackson\datatype\jackson-datatype-jsr310\2.11.4\jackson-datatype-jsr310-2.11.4.jar;C:\Users\cdemertzi\.m2\repository\com\fasterxml\jackson\module\jackson-module-parameter-names\2.11.4\jackson-module-parameter-names-2.11.4.jar;C:\Users\cdemertzi\.m2\repository\org\springframework\boot\spring-boot-starter-tomcat\2.4.4\spring-boot-starter-tomcat-2.4.4.jar;C:\Users\cdemertzi\.m2\repository\org\apache\tomcat\embed\tomcat-embed-core\9.0.44\tomcat-embed-core-9.0.44.jar;C:\Users\cdemertzi\.m2\repository\org\glassfish\jakarta.el\3.0.3\jakarta.el-3.0.3.jar;C:\Users\cdemertzi\.m2\repository\org\apache\tomcat\embed\tomcat-embed-websocket\9.0.44\tomcat-embed-websocket-9.0.44.jar;C:\Users\cdemertzi\.m2\repository\org\springframework\boot\spring-boot-starter-validation\2.4.4\spring-boot-starter-validation-2.4.4.jar;C:\Users\cdemertzi\.m2\repository\org\hibernate\validator\hibernate-validator\6.1.7.Final\hibernate-validator-6.1.7.Final.jar;C:\Users\cdemertzi\.m2\repository\org\jboss\logging\jboss-logging\3.4.1.Final\jboss-logging-3.4.1.Final.jar;C:\Users\cdemertzi\.m2\repository\com\fasterxml\classmate\1.5.1\classmate-1.5.1.jar;C:\Users\cdemertzi\.m2\repository\org\springframework\spring-web\5.3.5\spring-web-5.3.5.jar;C:\Users\cdemertzi\.m2\repository\org\glassfish\jersey\core\jersey-server\2.32\jersey-server-2.32.jar;C:\Users\cdemertzi\.m2\repository\org\glassfish\jersey\core\jersey-common\2.32\jersey-common-2.32.jar;C:\Users\cdemertzi\.m2\repository\org\glassfish\hk2\osgi-resource-locator\1.0.3\osgi-resource-locator-1.0.3.jar;C:\Users\cdemertzi\.m2\repository\org\glassfish\jersey\core\jersey-client\2.32\jersey-client-2.32.jar;C:\Users\cdemertzi\.m2\repository\jakarta\ws\rs\jakarta.ws.rs-api\2.1.6\jakarta.ws.rs-api-2.1.6.jar;C:\Users\cdemertzi\.m2\repository\org\glassfish\jersey\media\jersey-media-jaxb\2.32\jersey-media-jaxb-2.32.jar;C:\Users\cdemertzi\.m2\repository\org\glassfish\hk2\external\jakarta.inject\2.6.1\jakarta.inject-2.6.1.jar;C:\Users\cdemertzi\.m2\repository\jakarta\validation\jakarta.validation-api\2.0.2\jakarta.validation-api-2.0.2.jar;C:\Users\cdemertzi\.m2\repository\org\glassfish\jersey\containers\jersey-container-servlet-core\2.32\jersey-container-servlet-core-2.32.jar;C:\Users\cdemertzi\.m2\repository\org\glassfish\jersey\containers\jersey-container-servlet\2.32\jersey-container-servlet-2.32.jar;C:\Users\cdemertzi\.m2\repository\org\glassfish\jersey\ext\jersey-bean-validation\2.32\jersey-bean-validation-2.32.jar;C:\Users\cdemertzi\.m2\repository\org\glassfish\jersey\ext\jersey-spring5\2.32\jersey-spring5-2.32.jar;C:\Users\cdemertzi\.m2\repository\org\glassfish\jersey\inject\jersey-hk2\2.32\jersey-hk2-2.32.jar;C:\Users\cdemertzi\.m2\repository\org\glassfish\hk2\hk2-locator\2.6.1\hk2-locator-2.6.1.jar;C:\Users\cdemertzi\.m2\repository\org\glassfish\hk2\external\aopalliance-repackaged\2.6.1\aopalliance-repackaged-2.6.1.jar;C:\Users\cdemertzi\.m2\repository\org\javassist\javassist\3.25.0-GA\javassist-3.25.0-GA.jar;C:\Users\cdemertzi\.m2\repository\org\glassfish\hk2\hk2\2.6.1\hk2-2.6.1.jar;C:\Users\cdemertzi\.m2\repository\org\glassfish\hk2\hk2-utils\2.6.1\hk2-utils-2.6.1.jar;C:\Users\cdemertzi\.m2\repository\org\glassfish\hk2\hk2-api\2.6.1\hk2-api-2.6.1.jar;C:\Users\cdemertzi\.m2\repository\org\glassfish\hk2\hk2-core\2.6.1\hk2-core-2.6.1.jar;C:\Users\cdemertzi\.m2\repository\org\glassfish\hk2\hk2-runlevel\2.6.1\hk2-runlevel-2.6.1.jar;C:\Users\cdemertzi\.m2\repository\org\glassfish\hk2\class-model\2.6.1\class-model-2.6.1.jar;C:\Users\cdemertzi\.m2\repository\org\ow2\asm\asm\7.1\asm-7.1.jar;C:\Users\cdemertzi\.m2\repository\org\ow2\asm\asm-analysis\7.1\asm-analysis-7.1.jar;C:\Users\cdemertzi\.m2\repository\org\ow2\asm\asm-commons\7.1\asm-commons-7.1.jar;C:\Users\cdemertzi\.m2\repository\org\ow2\asm\asm-tree\7.1\asm-tree-7.1.jar;C:\Users\cdemertzi\.m2\repository\org\ow2\asm\asm-util\7.1\asm-util-7.1.jar;C:\Users\cdemertzi\.m2\repository\org\glassfish\hk2\spring-bridge\2.6.1\spring-bridge-2.6.1.jar;C:\Users\cdemertzi\.m2\repository\org\glassfish\jersey\media\jersey-media-json-jackson\2.32\jersey-media-json-jackson-2.32.jar;C:\Users\cdemertzi\.m2\repository\org\glassfish\jersey\ext\jersey-entity-filtering\2.32\jersey-entity-filtering-2.32.jar;C:\Users\cdemertzi\.m2\repository\org\camunda\bpm\springboot\camunda-bpm-spring-boot-starter-webapp\7.16.0-alpha1\camunda-bpm-spring-boot-starter-webapp-7.16.0-alpha1.jar;C:\Users\cdemertzi\.m2\repository\org\camunda\bpm\springboot\camunda-bpm-spring-boot-starter-webapp-core\7.16.0-alpha1\camunda-bpm-spring-boot-starter-webapp-core-7.16.0-alpha1.jar;C:\Users\cdemertzi\.m2\repository\org\camunda\bpm\webapp\camunda-webapp\7.16.0-alpha1\camunda-webapp-7.16.0-alpha1-classes.jar;C:\Users\cdemertzi\.m2\repository\org\springframework\boot\spring-boot-starter-web\2.4.4\spring-boot-starter-web-2.4.4.jar;C:\Users\cdemertzi\.m2\repository\org\springframework\spring-webmvc\5.3.5\spring-webmvc-5.3.5.jar;C:\Users\cdemertzi\.m2\repository\org\camunda\bpm\webapp\camunda-webapp-webjar\7.16.0-alpha1\camunda-webapp-webjar-7.16.0-alpha1.jar;C:\Users\cdemertzi\.m2\repository\org\slf4j\slf4j-nop\2.0.0-alpha1\slf4j-nop-2.0.0-alpha1.jar;C:\Users\cdemertzi\.m2\repository\org\junit\jupiter\junit-jupiter-api\5.8.0-M1\junit-jupiter-api-5.8.0-M1.jar;C:\Users\cdemertzi\.m2\repository\org\apiguardian\apiguardian-api\1.1.1\apiguardian-api-1.1.1.jar;C:\Users\cdemertzi\.m2\repository\org\opentest4j\opentest4j\1.2.0\opentest4j-1.2.0.jar;C:\Users\cdemertzi\.m2\repository\org\junit\platform\junit-platform-commons\1.7.1\junit-platform-commons-1.7.1.jar;C:\Users\cdemertzi\.m2\repository\de\odysseus\juel\juel-api\2.2.7\juel-api-2.2.7.jar;C:\Users\cdemertzi\.m2\repository\de\odysseus\juel\juel-impl\2.2.7\juel-impl-2.2.7.jar;C:\Users\cdemertzi\.m2\repository\de\odysseus\juel\juel-spi\2.2.7\juel-spi-2.2.7.jar;C:\Users\cdemertzi\.m2\repository\org\assertj\assertj-core\3.18.1\assertj-core-3.18.1.jar;C:\Users\cdemertzi\.m2\repository\org\drools\drools-scenario-simulation-api\7.55.0.Beta1\drools-scenario-simulation-api-7.55.0.Beta1.jar;C:\Users\cdemertzi\.m2\repository\org\kie\soup\kie-soup-project-datamodel-api\7.55.0.Beta1\kie-soup-project-datamodel-api-7.55.0.Beta1.jar;C:\Users\cdemertzi\.m2\repository\org\drools\drools-scenario-simulation-backend\7.55.0.Beta1\drools-scenario-simulation-backend-7.55.0.Beta1.jar;C:\Users\cdemertzi\.m2\repository\com\fasterxml\jackson\core\jackson-databind\2.11.4\jackson-databind-2.11.4.jar;C:\Users\cdemertzi\.m2\repository\org\kie\soup\kie-soup-commons\7.55.0.Beta1\kie-soup-commons-7.55.0.Beta1.jar;C:\Users\cdemertzi\.m2\repository\org\mvel\mvel2\2.4.12.Final\mvel2-2.4.12.Final.jar;C:\Users\cdemertzi\.m2\repository\org\kie\kie-dmn-feel\7.55.0.Beta1\kie-dmn-feel-7.55.0.Beta1.jar;C:\Users\cdemertzi\.m2\repository\org\kie\kie-dmn-model\7.55.0.Beta1\kie-dmn-model-7.55.0.Beta1.jar;C:\Users\cdemertzi\.m2\repository\org\antlr\antlr4-runtime\4.8\antlr4-runtime-4.8.jar;C:\Users\cdemertzi\.m2\repository\ch\obermuhlner\big-math\2.0.1\big-math-2.0.1.jar;C:\Users\cdemertzi\.m2\repository\org\kie\kie-dmn-api\7.55.0.Beta1\kie-dmn-api-7.55.0.Beta1.jar;C:\Users\cdemertzi\.m2\repository\org\kie\kie-dmn-core\7.55.0.Beta1\kie-dmn-core-7.55.0.Beta1.jar;C:\Users\cdemertzi\.m2\repository\org\kie\kie-dmn-backend\7.55.0.Beta1\kie-dmn-backend-7.55.0.Beta1.jar;C:\Users\cdemertzi\.m2\repository\org\kie\kie-memory-compiler\7.55.0.Beta1\kie-memory-compiler-7.55.0.Beta1.jar;C:\Users\cdemertzi\.m2\repository\org\drools\drools-ruleunit\7.55.0.Beta1\drools-ruleunit-7.55.0.Beta1.jar;C:\Users\cdemertzi\.m2\repository\org\jpmml\pmml-model\1.5.1\pmml-model-1.5.1.jar;C:\Users\cdemertzi\.m2\repository\org\jpmml\pmml-agent\1.5.1\pmml-agent-1.5.1.jar;"/>
    <property name="sun.cpu.endian" value="little"/>
    <property name="user.home" value="C:\Users\cdemertzi"/>
    <property name="user.language" value="en"/>
    <property name="java.specification.vendor" value="Oracle Corporation"/>
    <property name="java.version.date" value="2018-09-25"/>
    <property name="java.home" value="C:\Program Files\Java\jdk-11"/>
    <property name="file.separator" value="\"/>
    <property name="basedir" value="C:\Repos\mybusinessapp"/>
    <property name="java.vm.compressedOopsMode" value="Zero based"/>
    <property name="line.separator" value="&#10;"/>
    <property name="java.specification.name" value="Java Platform API Specification"/>
    <property name="java.vm.specification.vendor" value="Oracle Corporation"/>
    <property name="java.awt.graphicsenv" value="sun.awt.Win32GraphicsEnvironment"/>
    <property name="surefire.real.class.path" value="C:\Users\cdemertzi\AppData\Local\Temp\surefire1999519571082559950\surefirebooter5419407127998299858.jar"/>
    <property name="user.script" value=""/>
    <property name="sun.management.compiler" value="HotSpot 64-Bit Tiered Compilers"/>
    <property name="java.runtime.version" value="11+28"/>
    <property name="user.name" value="cdemertzi"/>
    <property name="path.separator" value=";"/>
    <property name="os.version" value="10.0"/>
    <property name="java.runtime.name" value="OpenJDK Runtime Environment"/>
    <property name="file.encoding" value="Cp1253"/>
    <property name="java.vm.name" value="OpenJDK 64-Bit Server VM"/>
    <property name="java.vendor.version" value="18.9"/>
    <property name="localRepository" value="C:\Users\cdemertzi\.m2\repository"/>
    <property name="java.vendor.url.bug" value="http://bugreport.java.com/bugreport/"/>
    <property name="java.io.tmpdir" value="C:\Users\CDEMER~1\AppData\Local\Temp\"/>
    <property name="java.version" value="11"/>
    <property name="user.dir" value="C:\Repos\mybusinessapp"/>
    <property name="os.arch" value="amd64"/>
    <property name="java.vm.specification.name" value="Java Virtual Machine Specification"/>
    <property name="java.awt.printerjob" value="sun.awt.windows.WPrinterJob"/>
    <property name="user.language.format" value="el"/>
    <property name="sun.os.patch.level" value=""/>
    <property name="java.library.path" value="C:\Program Files\Java\jdk-11\bin;C:\WINDOWS\Sun\Java\bin;C:\WINDOWS\system32;C:\WINDOWS;C:\Program Files (x86)\Common Files\Oracle\Java\javapath;C:\Program Files\Java\jdk-11\bin;C:\Python39\Scripts\;C:\Python39\;C:\windows\system32;C:\windows;C:\windows\System32\Wbem;C:\windows\System32\WindowsPowerShell\v1.0\;C:\windows\System32\OpenSSH\;C:\ProgramData\chocolatey\bin;C:\Program Files\Git\cmd;C:\Program Files\dotnet\;C:\Program Files\nodejs\;C:\Program Files\Microsoft SQL Server\130\Tools\Binn\;C:\Program Files\Microsoft SQL Server\Client SDK\ODBC\170\Tools\Binn\;C:\Users\cdemertzi\AppData\Local\Microsoft\WindowsApps;C:\Users\cdemertzi\.dotnet\tools;C:\Users\cdemertzi\AppData\Roaming\npm;C:\Users\cdemertzi\AppData\Local\Programs\Microsoft VS Code\bin;C:\WebDriver\bin;&quot;;C:\Program Files\IBM\SPSS\Statistics\25\JRE\bin;C:\WINDOWS\system32;C:\WINDOWS;C:\WINDOWS\System32\Wbem;C:\WINDOWS\System32\WindowsPowerShell\v1.0\;C:\WINDOWS\System32\OpenSSH\;C:\Program Files (x86)\Microsoft SQL Server\150\DTS\Binn\;C:\Program Files\Azure Data Studio\bin;C:\Program Files (x86)\dotnet\;C:\Program Files (x86)\Microsoft SQL Server\150\Tools\Binn\;C:\Program Files\Microsoft SQL Server\150\Tools\Binn\;C:\Program Files\Microsoft SQL Server\150\DTS\Binn\&quot;;C:\Program Files\Maven\apache-maven-3.8.1\bin;C:\Program Files (x86)\Symantec\VIP Access Client\;C:\Ruby27-x64\bin;C:\Users\cdemertzi\AppData\Local\Microsoft\WindowsApps;C:\Users\cdemertzi\.dotnet\tools;C:\Users\cdemertzi\AppData\Roaming\npm;C:\Users\cdemertzi\AppData\Local\Programs\Microsoft VS Code\bin;C:\Users\cdemertzi\AppData\Local\GitHubDesktop\bin;C:\Program Files\Azure Data Studio\bin;C:\Program Files\Java\jdk-11;C:\Program Files (x86)\Java\jre1.8.0_281;;."/>
    <property name="java.vendor" value="Oracle Corporation"/>
    <property name="java.vm.info" value="mixed mode"/>
    <property name="java.vm.version" value="11+28"/>
    <property name="sun.io.unicode.encoding" value="UnicodeLittle"/>
    <property name="java.class.version" value="55.0"/>
  </properties>
  <testcase name="#1: Test underweight" classname="bmi_test" time="1.174">
    <system-out><![CDATA[16:29:30.600 [main] DEBUG org.kie.api.internal.utils.ServiceDiscoveryImpl - Loading kie.conf from jar:file:/C:/Users/cdemertzi/.m2/repository/org/kie/kie-internal/7.55.0.Beta1/kie-internal-7.55.0.Beta1.jar!/META-INF/kie.conf in classloader jdk.internal.loader.ClassLoaders$AppClassLoader@14514713
16:29:30.611 [main] DEBUG org.kie.api.internal.utils.ServiceDiscoveryImpl - Added Service org.kie.internal.services.KieAssemblersImpl with priority 0
16:29:30.611 [main] DEBUG org.kie.api.internal.utils.ServiceDiscoveryImpl - Added Service org.kie.internal.services.KieRuntimesImpl with priority 0
16:29:30.612 [main] DEBUG org.kie.api.internal.utils.ServiceDiscoveryImpl - Added Service org.kie.internal.services.KieWeaversImpl with priority 0
16:29:30.613 [main] DEBUG org.kie.api.internal.utils.ServiceDiscoveryImpl - Added Service org.kie.internal.services.KieBeliefsImpl with priority 0
16:29:30.613 [main] DEBUG org.kie.api.internal.utils.ServiceDiscoveryImpl - Loading kie.conf from jar:file:/C:/Users/cdemertzi/.m2/repository/org/drools/drools-model-compiler/7.53.1.Final/drools-model-compiler-7.53.1.Final.jar!/META-INF/kie.conf in classloader jdk.internal.loader.ClassLoaders$AppClassLoader@14514713
16:29:30.618 [main] DEBUG org.kie.api.internal.utils.ServiceDiscoveryImpl - Added Service org.drools.modelcompiler.CanonicalKieModuleProvider with priority 0
16:29:30.620 [main] DEBUG org.kie.api.internal.utils.ServiceDiscoveryImpl - Added child Service +org.drools.modelcompiler.drlx.DrlxAssembler
16:29:30.620 [main] DEBUG org.kie.api.internal.utils.ServiceDiscoveryImpl - Loading kie.conf from jar:file:/C:/Users/cdemertzi/.m2/repository/org/drools/drools-compiler/7.53.1.Final/drools-compiler-7.53.1.Final.jar!/META-INF/kie.conf in classloader jdk.internal.loader.ClassLoaders$AppClassLoader@14514713
16:29:30.627 [main] DEBUG org.kie.api.internal.utils.ServiceDiscoveryImpl - Added Service org.drools.compiler.kie.builder.impl.KieServicesImpl with priority 0
16:29:30.630 [main] DEBUG org.kie.api.internal.utils.ServiceDiscoveryImpl - Added Service org.drools.compiler.builder.impl.KnowledgeBuilderFactoryServiceImpl with priority 0
16:29:30.631 [main] DEBUG org.kie.api.internal.utils.ServiceDiscoveryImpl - Added Service org.drools.compiler.builder.impl.JaxbConfigurationFactoryServiceImpl with priority 0
16:29:30.632 [main] DEBUG org.kie.api.internal.utils.ServiceDiscoveryImpl - Added Service org.drools.compiler.kie.builder.impl.KieBaseUpdatersImpl with priority 0
16:29:30.632 [main] DEBUG org.kie.api.internal.utils.ServiceDiscoveryImpl - Loading kie.conf from jar:file:/C:/Users/cdemertzi/.m2/repository/org/drools/drools-core/7.53.1.Final/drools-core-7.53.1.Final.jar!/META-INF/kie.conf in classloader jdk.internal.loader.ClassLoaders$AppClassLoader@14514713
16:29:30.634 [main] DEBUG org.kie.api.internal.utils.ServiceDiscoveryImpl - Added Service org.drools.core.io.impl.ResourceFactoryServiceImpl with priority 0
16:29:30.635 [main] DEBUG org.kie.api.internal.utils.ServiceDiscoveryImpl - Added Service org.drools.core.concurrent.ExecutorProviderImpl with priority 0
16:29:30.635 [main] DEBUG org.kie.api.internal.utils.ServiceDiscoveryImpl - Loading kie.conf from jar:file:/C:/Users/cdemertzi/.m2/repository/org/drools/drools-alphanetwork-compiler/7.53.1.Final/drools-alphanetwork-compiler-7.53.1.Final.jar!/META-INF/kie.conf in classloader jdk.internal.loader.ClassLoaders$AppClassLoader@14514713
16:29:30.637 [main] DEBUG org.kie.api.internal.utils.ServiceDiscoveryImpl - Added child Service +org.drools.ancompiler.KieBaseUpdaterANCFactory
16:29:30.638 [main] DEBUG org.kie.api.internal.utils.ServiceDiscoveryImpl - Loading kie.conf from jar:file:/C:/Users/cdemertzi/.m2/repository/org/drools/drools-mvel/7.53.1.Final/drools-mvel-7.53.1.Final.jar!/META-INF/kie.conf in classloader jdk.internal.loader.ClassLoaders$AppClassLoader@14514713
16:29:30.702 [main] DEBUG org.kie.api.internal.utils.ServiceDiscoveryImpl - Added Service org.drools.mvel.MVELConstraintBuilder with priority 0
16:29:30.704 [main] DEBUG org.kie.api.internal.utils.ServiceDiscoveryImpl - Added Service org.drools.mvel.MVELCoreComponentsBuilder with priority 0
16:29:30.708 [main] DEBUG org.kie.api.internal.utils.ServiceDiscoveryImpl - Added Service org.drools.mvel.asm.ClassFieldAccessorFactory with priority 0
16:29:30.715 [main] DEBUG org.kie.api.internal.utils.ServiceDiscoveryImpl - Added Service org.drools.mvel.asm.DefaultClassBuilderFactory with priority 0
16:29:30.716 [main] DEBUG org.kie.api.internal.utils.ServiceDiscoveryImpl - Loading kie.conf from jar:file:/C:/Users/cdemertzi/.m2/repository/org/kie/kie-dmn-core/7.55.0.Beta1/kie-dmn-core-7.55.0.Beta1.jar!/META-INF/kie.conf in classloader jdk.internal.loader.ClassLoaders$AppClassLoader@14514713
16:29:30.723 [main] DEBUG org.kie.api.internal.utils.ServiceDiscoveryImpl - Added child Service +org.kie.dmn.core.assembler.DMNAssemblerService
16:29:30.725 [main] DEBUG org.kie.api.internal.utils.ServiceDiscoveryImpl - Added child Service +org.kie.dmn.core.runtime.DMNRuntimeService
16:29:30.726 [main] DEBUG org.kie.api.internal.utils.ServiceDiscoveryImpl - Added child Service +org.kie.dmn.core.weaver.DMNWeaverService
16:29:30.726 [main] DEBUG org.kie.api.internal.utils.ServiceDiscoveryImpl - Loading kie.conf from jar:file:/C:/Users/cdemertzi/.m2/repository/org/drools/drools-ruleunit/7.55.0.Beta1/drools-ruleunit-7.55.0.Beta1.jar!/META-INF/kie.conf in classloader jdk.internal.loader.ClassLoaders$AppClassLoader@14514713
16:29:30.728 [main] DEBUG org.kie.api.internal.utils.ServiceDiscoveryImpl - Added Service org.drools.ruleunit.impl.RuleUnitComponentFactoryImpl with priority 0
16:29:30.729 [main] DEBUG org.kie.api.internal.utils.ServiceDiscoveryImpl - Service org.kie.internal.builder.KnowledgeBuilderFactoryService is implemented by org.drools.compiler.builder.impl.KnowledgeBuilderFactoryServiceImpl@5305c37d
16:29:30.729 [main] DEBUG org.kie.api.internal.utils.ServiceDiscoveryImpl - Service org.kie.api.internal.runtime.beliefs.KieBeliefs is implemented by org.kie.internal.services.KieBeliefsImpl@51a06cbe
16:29:30.729 [main] DEBUG org.kie.api.internal.utils.ServiceDiscoveryImpl - Service org.drools.compiler.rule.builder.ConstraintBuilder is implemented by org.drools.mvel.MVELConstraintBuilder@3dddbe65
16:29:30.729 [main] DEBUG org.kie.api.internal.utils.ServiceDiscoveryImpl - Service org.drools.core.base.FieldAccessorFactory is implemented by org.drools.mvel.asm.ClassFieldAccessorFactory@49a64d82
16:29:30.729 [main] DEBUG org.kie.api.internal.utils.ServiceDiscoveryImpl - Service org.drools.compiler.kie.builder.impl.KieBaseUpdaters is implemented by org.drools.compiler.kie.builder.impl.KieBaseUpdatersImpl@344561e0
16:29:30.729 [main] DEBUG org.kie.api.internal.utils.ServiceDiscoveryImpl - Service org.kie.api.internal.assembler.KieAssemblers is implemented by org.kie.internal.services.KieAssemblersImpl@66d23e4a
16:29:30.731 [main] DEBUG org.kie.api.internal.utils.ServiceDiscoveryImpl - Service org.kie.internal.builder.JaxbConfigurationFactoryService is implemented by org.drools.compiler.builder.impl.JaxbConfigurationFactoryServiceImpl@77b21474
16:29:30.731 [main] DEBUG org.kie.api.internal.utils.ServiceDiscoveryImpl - Service org.drools.compiler.kie.builder.impl.InternalKieModuleProvider is implemented by org.drools.modelcompiler.CanonicalKieModuleProvider@52d10fb8
16:29:30.731 [main] DEBUG org.kie.api.internal.utils.ServiceDiscoveryImpl - Service org.kie.internal.ruleunit.RuleUnitComponentFactory is implemented by org.drools.ruleunit.impl.RuleUnitComponentFactoryImpl@41c07648
16:29:30.731 [main] DEBUG org.kie.api.internal.utils.ServiceDiscoveryImpl - Service org.kie.api.internal.runtime.KieRuntimes is implemented by org.kie.internal.services.KieRuntimesImpl@1fe8d51b
16:29:30.731 [main] DEBUG org.kie.api.internal.utils.ServiceDiscoveryImpl - Service org.kie.api.io.KieResources is implemented by org.drools.core.io.impl.ResourceFactoryServiceImpl@781e7326
16:29:30.731 [main] DEBUG org.kie.api.internal.utils.ServiceDiscoveryImpl - Service org.drools.core.base.CoreComponentsBuilder is implemented by org.drools.mvel.MVELCoreComponentsBuilder@22680f52
16:29:30.731 [main] DEBUG org.kie.api.internal.utils.ServiceDiscoveryImpl - Service org.drools.core.factmodel.ClassBuilderFactory is implemented by org.drools.mvel.asm.DefaultClassBuilderFactory@60d84f61
16:29:30.731 [main] DEBUG org.kie.api.internal.utils.ServiceDiscoveryImpl - Service org.kie.api.concurrent.KieExecutors is implemented by org.drools.core.concurrent.ExecutorProviderImpl@39c11e6c
16:29:30.731 [main] DEBUG org.kie.api.internal.utils.ServiceDiscoveryImpl - Service org.kie.api.KieServices is implemented by org.drools.compiler.kie.builder.impl.KieServicesImpl@324dcd31
16:29:30.732 [main] DEBUG org.kie.api.internal.utils.ServiceDiscoveryImpl - Service org.kie.api.internal.weaver.KieWeavers is implemented by org.kie.internal.services.KieWeaversImpl@503d56b5
16:29:30.968 [main] INFO org.drools.compiler.kie.builder.impl.ClasspathKieProject - Found kmodule: file:/C:/Repos/mybusinessapp/target/classes/META-INF/kmodule.xml
16:29:30.969 [main] DEBUG org.drools.compiler.kie.builder.impl.ClasspathKieProject - KieModule URL type=file url=/C:/Repos/mybusinessapp/target/classes
16:29:31.041 [main] WARN org.drools.compiler.kie.builder.impl.ClasspathKieProject - Unable to find pom.properties in /C:/Repos/mybusinessapp/target/classes
16:29:31.050 [main] INFO org.drools.compiler.kie.builder.impl.ClasspathKieProject - Recursed up folders, found and used pom.xml C:\Repos\mybusinessapp\pom.xml
16:29:31.051 [main] INFO org.drools.compiler.kie.builder.impl.InternalKieModuleProvider - Creating KieModule for artifact org.kie.businessapp:mybusinessapp:1.0
16:29:31.057 [main] INFO org.drools.modelcompiler.CanonicalKieModuleProvider - No executable model found for artifact org.kie.businessapp:mybusinessapp:1.0. Falling back to resources parsing.
16:29:31.057 [main] DEBUG org.drools.compiler.kie.builder.impl.ClasspathKieProject - Discovered classpath module org.kie.businessapp:mybusinessapp:1.0
16:29:31.060 [main] DEBUG org.drools.compiler.kie.builder.impl.KieRepositoryImpl - KieModule was added: FileKieModule[releaseId=org.kie.businessapp:mybusinessapp:1.0,file=C:\Repos\mybusinessapp\target\classes]
16:29:31.457 [main] INFO org.drools.compiler.kie.builder.impl.KieContainerImpl - Start creation of KieBase: defaultKieBase
16:29:31.487 [main] DEBUG org.drools.compiler.compiler.JavaDialectConfiguration - Selected compiler ECLIPSE [drools.dialect.java.compiler:null, hasEclipseCompiler:true]
16:29:31.563 [main] DEBUG org.drools.compiler.compiler.JavaDialectConfiguration - Selected compiler ECLIPSE [drools.dialect.java.compiler:null, hasEclipseCompiler:true]
16:29:31.563 [main] DEBUG org.drools.compiler.compiler.JavaDialectConfiguration - Selected compiler ECLIPSE [drools.dialect.java.compiler:null, hasEclipseCompiler:true]
16:29:31.644 [main] DEBUG org.kie.dmn.core.compiler.DMNEvaluatorCompiler - default DMNEvaluatorCompiler.
16:29:31.756 [main] DEBUG org.kie.dmn.backend.marshalling.v1_2.xstream.DiagramElementExtensionConverter - Tried to convert the extension element child ComponentsWidthsExtension, but no converter is registered for this child.
16:29:31.774 [main] DEBUG org.kie.dmn.backend.marshalling.v1_2.xstream.DiagramElementExtensionConverter - Tried to convert the extension element child ComponentsWidthsExtension, but no converter is registered for this child.
16:29:32.193 [main] INFO org.drools.compiler.kie.builder.impl.KieContainerImpl - End creation of KieBase: defaultKieBase
16:29:32.200 [main] DEBUG org.kie.dmn.core.impl.DMNRuntimeKBWrappingIKB - {}
]]></system-out>
  </testcase>
  <testcase name="#2: Test Overweight" classname="bmi_test" time="0.008">
    <system-out><![CDATA[16:29:32.249 [main] DEBUG org.kie.dmn.core.impl.DMNRuntimeKBWrappingIKB - {}
]]></system-out>
  </testcase>
</testsuite>